19:45:58 BIOCONDA INFO Considering total of 1 recipes (perl-convert-pheno).
19:45:59 BIOCONDA INFO Constraining to 1 git modified recipes (perl-convert-pheno).
19:45:59 BIOCONDA INFO Processing 1 recipes (perl-convert-pheno).
19:45:59 BIOCONDA INFO Generating DAG
19:45:59 BIOCONDA INFO 1 recipes to build and test: 
perl-convert-pheno
19:45:59 BIOCONDA INFO Determining expected packages for recipes/perl-convert-pheno
19:45:59 CONDA_BUILD WARNING Setting build platform. This is only useful when pretending to be on another platform, such as for rendering necessary dependencies on a non-native platform. I trust that you know what you're doing.
Updating build index: /root/micromamba/envs/biocondaPy37/conda-bld

19:45:59 CONDA_BUILD WARNING No numpy version specified in conda_build_config.yaml.  Falling back to default numpy value of 1.16
Adding in variants from internal_defaults
19:45:59 CONDA_BUILD INFO Adding in variants from internal_defaults
Adding in variants from /root/micromamba/envs/biocondaPy37/conda_build_config.yaml
19:45:59 CONDA_BUILD INFO Adding in variants from /root/micromamba/envs/biocondaPy37/conda_build_config.yaml
Adding in variants from /root/micromamba/envs/biocondaPy37/lib/python3.7/site-packages/bioconda_utils/bioconda_utils-conda_build_config.yaml
19:45:59 CONDA_BUILD INFO Adding in variants from /root/micromamba/envs/biocondaPy37/lib/python3.7/site-packages/bioconda_utils/bioconda_utils-conda_build_config.yaml
Updating build index: /root/micromamba/envs/biocondaPy37/conda-bld

Adding in variants from argument_variants
19:46:53 CONDA_BUILD INFO Adding in variants from argument_variants
Attempting to finalize metadata for perl-convert-pheno
19:46:53 CONDA_BUILD INFO Attempting to finalize metadata for perl-convert-pheno
conda-forge/linux-64                                        Using cache
Reloading output folder: /root/micromamba/envs/biocondaPy37/conda-bld
Transaction

  Prefix: /root/micromamba/envs/biocondaPy37

  Updating specs:

   - gcc_linux-64=10
   - make


  Package                    Version  Build        Channel                    Size
────────────────────────────────────────────────────────────────────────────────────
  Install:
────────────────────────────────────────────────────────────────────────────────────

  + _libgcc_mutex                0.1  conda_forge  conda-forge/linux-64        3kB
  + _openmp_mutex                4.5  2_gnu        conda-forge/linux-64       24kB
  + binutils_impl_linux-64      2.39  he00db2b_1   conda-forge/linux-64        5MB
  + binutils_linux-64           2.39  h5fc0e48_13  conda-forge/linux-64       28kB
  + gcc_impl_linux-64         10.4.0  h5231bdf_19  conda-forge/linux-64       49MB
  + gcc_linux-64              10.4.0  h9215b83_13  conda-forge/linux-64     Cached
  + kernel-headers_linux-64   2.6.32  he073ed8_15  conda-forge/noarch        724kB
  + ld_impl_linux-64            2.39  hcc3a1bd_1   conda-forge/linux-64      691kB
  + libgcc-devel_linux-64     10.4.0  hd38fd1e_19  conda-forge/linux-64        4MB
  + libgcc-ng                 13.1.0  he5830b7_0   conda-forge/linux-64     Cached
  + libgomp                   13.1.0  he5830b7_0   conda-forge/linux-64      419kB
  + libsanitizer              10.4.0  h5246dfb_19  conda-forge/linux-64        6MB
  + libstdcxx-ng              13.1.0  hfd8a6a1_0   conda-forge/linux-64        4MB
  + make                         4.3  hd18ef5c_1   conda-forge/linux-64     Cached
  + sysroot_linux-64            2.12  he073ed8_15  conda-forge/noarch         33MB

  Summary:

  Install: 15 packages

  Total download: 102MB

────────────────────────────────────────────────────────────────────────────────────

Reloading output folder: /root/micromamba/envs/biocondaPy37/conda-bld
Transaction

  Prefix: /root/micromamba/envs/biocondaPy37

  Updating specs:

   - perl-sort-naturally
   - perl-test-warn
   - perl-test-exception
   - perl=5.32.1
   - perl-dbi
   - perl-json-xs
   - perl-dbd-sqlite
   - perl-app-cpanminus
   - libgcc-ng[version='>=12']
   - perl-perlio-gzip


  Package                  Version  Build             Channel                    Size
───────────────────────────────────────────────────────────────────────────────────────
  Install:
───────────────────────────────────────────────────────────────────────────────────────

  + _libgcc_mutex              0.1  conda_forge       conda-forge/linux-64        3kB
  + _openmp_mutex              4.5  2_gnu             conda-forge/linux-64       24kB
  + libgcc-ng               13.1.0  he5830b7_0        conda-forge/linux-64     Cached
  + libgomp                 13.1.0  he5830b7_0        conda-forge/linux-64      419kB
  + libnsl                   2.0.0  h7f98852_0        conda-forge/linux-64       31kB
  + libstdcxx-ng            13.1.0  hfd8a6a1_0        conda-forge/linux-64        4MB
  + libzlib                 1.2.13  hd590300_5        conda-forge/linux-64       62kB
  + perl                    5.32.1  3_hd590300_perl5  conda-forge/linux-64       13MB
  + perl-app-cpanminus      1.7046  pl5321hd8ed1ab_0  conda-forge/noarch       Cached
  + perl-common-sense         3.75  pl5321hd8ed1ab_0  conda-forge/noarch         20kB
  + perl-dbd-sqlite           1.72  pl5321h031d066_1  bioconda/linux-64        Cached
  + perl-dbi                 1.643  pl5321h166bdaf_0  conda-forge/linux-64     Cached
  + perl-json-xs              4.03  pl5321h4ac6f70_2  bioconda/linux-64        Cached
  + perl-perlio-gzip          0.20  pl5321he4a0461_5  bioconda/linux-64        Cached
  + perl-sort-naturally       1.03  pl5321hdfd78af_3  bioconda/noarch          Cached
  + perl-sub-uplevel        0.2800  pl5321h166bdaf_0  conda-forge/linux-64       20kB
  + perl-test-exception       0.43  pl5321hd8ed1ab_0  conda-forge/noarch       Cached
  + perl-test-warn            0.37  pl5321hd8ed1ab_0  conda-forge/noarch       Cached
  + perl-types-serialiser     1.01  pl5321hdfd78af_0  bioconda/noarch            13kB
  + zlib                    1.2.13  hd590300_5        conda-forge/linux-64       93kB

  Summary:

  Install: 20 packages

  Total download: 18MB

───────────────────────────────────────────────────────────────────────────────────────

Reloading output folder: /root/micromamba/envs/biocondaPy37/conda-bld
Transaction

  Prefix: /root/micromamba/envs/biocondaPy37

  Updating specs:

   - perl-common-sense=3.75[build=pl5321hd8ed1ab_0]
   - perl-types-serialiser=1.01[build=pl5321hdfd78af_0]
   - perl-perlio-gzip=0.20[build=pl5321he4a0461_5]
   - perl=5.32.1[build=3_hd590300_perl5]
   - perl-dbi=1.643[build=pl5321h166bdaf_0]
   - perl-sub-uplevel=0.2800[build=pl5321h166bdaf_0]
   - libgomp=13.1.0[build=he5830b7_0]
   - libzlib=1.2.13[build=hd590300_5]
   - zlib=1.2.13[build=hd590300_5]
   - libnsl=2.0.0[build=h7f98852_0]
   - libgcc-ng=13.1.0[build=he5830b7_0]
   - libstdcxx-ng=13.1.0[build=hfd8a6a1_0]
   - _openmp_mutex=4.5[build=2_gnu]
   - perl-dbd-sqlite=1.72[build=pl5321h031d066_1]
   - perl-test-exception=0.43[build=pl5321hd8ed1ab_0]
   - perl-app-cpanminus=1.7046[build=pl5321hd8ed1ab_0]
   - _libgcc_mutex=0.1[build=conda_forge]
   - perl-test-warn=0.37[build=pl5321hd8ed1ab_0]
   - perl-json-xs=4.03[build=pl5321h4ac6f70_2]
   - perl-sort-naturally=1.03[build=pl5321hdfd78af_3]


  Package                  Version  Build             Channel                    Size
───────────────────────────────────────────────────────────────────────────────────────
  Install:
───────────────────────────────────────────────────────────────────────────────────────

  + _libgcc_mutex              0.1  conda_forge       conda-forge/linux-64        3kB
  + _openmp_mutex              4.5  2_gnu             conda-forge/linux-64       24kB
  + libgcc-ng               13.1.0  he5830b7_0        conda-forge/linux-64     Cached
  + libgomp                 13.1.0  he5830b7_0        conda-forge/linux-64      419kB
  + libnsl                   2.0.0  h7f98852_0        conda-forge/linux-64       31kB
  + libstdcxx-ng            13.1.0  hfd8a6a1_0        conda-forge/linux-64        4MB
  + libzlib                 1.2.13  hd590300_5        conda-forge/linux-64       62kB
  + perl                    5.32.1  3_hd590300_perl5  conda-forge/linux-64     Cached
  + perl-app-cpanminus      1.7046  pl5321hd8ed1ab_0  conda-forge/noarch       Cached
  + perl-common-sense         3.75  pl5321hd8ed1ab_0  conda-forge/noarch         20kB
  + perl-dbd-sqlite           1.72  pl5321h031d066_1  bioconda/linux-64        Cached
  + perl-dbi                 1.643  pl5321h166bdaf_0  conda-forge/linux-64     Cached
  + perl-json-xs              4.03  pl5321h4ac6f70_2  bioconda/linux-64        Cached
  + perl-perlio-gzip          0.20  pl5321he4a0461_5  bioconda/linux-64        Cached
  + perl-sort-naturally       1.03  pl5321hdfd78af_3  bioconda/noarch          Cached
  + perl-sub-uplevel        0.2800  pl5321h166bdaf_0  conda-forge/linux-64       20kB
  + perl-test-exception       0.43  pl5321hd8ed1ab_0  conda-forge/noarch       Cached
  + perl-test-warn            0.37  pl5321hd8ed1ab_0  conda-forge/noarch       Cached
  + perl-types-serialiser     1.01  pl5321hdfd78af_0  bioconda/noarch            13kB
  + zlib                    1.2.13  hd590300_5        conda-forge/linux-64       93kB

  Summary:

  Install: 20 packages

  Total download: 5MB

───────────────────────────────────────────────────────────────────────────────────────

19:50:00 BIOCONDA INFO BUILD START recipes/perl-convert-pheno
Updating build index: /root/micromamba/envs/biocondaPy37/conda-bld

19:50:03 BIOCONDA INFO (COMMAND) /root/micromamba/envs/biocondaPy37/bin/conda mambabuild --override-channels --no-anaconda-upload -c conda-forge -c bioconda -c defaults -e /root/micromamba/envs/biocondaPy37/conda_build_config.yaml -e /root/micromamba/envs/biocondaPy37/lib/python3.7/site-packages/bioconda_utils/bioconda_utils-conda_build_config.yaml recipes/perl-convert-pheno/meta.yaml
19:50:04 BIOCONDA INFO (ERR) /root/micromamba/envs/biocondaPy37/lib/python3.7/site-packages/conda_build/cli/main_build.py:390: UserWarning: RECIPE_PATH received is a file. File: recipes/perl-convert-pheno/meta.yaml
19:50:04 BIOCONDA INFO (ERR) It should be a path to a folder.
19:50:04 BIOCONDA INFO (ERR) Forcing conda-build to use the recipe file.
19:50:04 BIOCONDA INFO (ERR)   UserWarning
19:50:04 BIOCONDA INFO (ERR) No numpy version specified in conda_build_config.yaml.  Falling back to default numpy value of 1.16
19:50:04 BIOCONDA INFO (ERR) WARNING:conda_build.metadata:No numpy version specified in conda_build_config.yaml.  Falling back to default numpy value of 1.16
19:50:04 BIOCONDA INFO (ERR) INFO:conda_build.variants:Adding in variants from internal_defaults
19:50:04 BIOCONDA INFO (ERR) INFO:conda_build.variants:Adding in variants from /root/micromamba/envs/biocondaPy37/conda_build_config.yaml
19:50:04 BIOCONDA INFO (ERR) INFO:conda_build.variants:Adding in variants from /root/micromamba/envs/biocondaPy37/lib/python3.7/site-packages/bioconda_utils/bioconda_utils-conda_build_config.yaml
19:50:04 BIOCONDA INFO (OUT) Updating build index: /root/micromamba/envs/biocondaPy37/conda-bld
19:50:04 BIOCONDA INFO (OUT) 
19:50:04 BIOCONDA INFO (OUT) Adding in variants from internal_defaults
19:50:04 BIOCONDA INFO (OUT) Adding in variants from /root/micromamba/envs/biocondaPy37/conda_build_config.yaml
19:50:04 BIOCONDA INFO (OUT) Adding in variants from /root/micromamba/envs/biocondaPy37/lib/python3.7/site-packages/bioconda_utils/bioconda_utils-conda_build_config.yaml
19:50:09 BIOCONDA INFO (ERR) INFO:conda_build.metadata:Attempting to finalize metadata for perl-convert-pheno
19:50:09 BIOCONDA INFO (OUT) Attempting to finalize metadata for perl-convert-pheno
19:50:10 BIOCONDA INFO (OUT) conda-forge/noarch                                          Using cache
19:50:10 BIOCONDA INFO (OUT) bioconda/linux-64                                           Using cache
19:50:10 BIOCONDA INFO (OUT) bioconda/noarch                                             Using cache
19:50:14 BIOCONDA INFO (OUT) Reloading output folder: /root/micromamba/envs/biocondaPy37/conda-bld
.19:52:01 BIOCONDA INFO (ERR) DEBUG:urllib3.connectionpool:Starting new HTTPS connection (1): repo.anaconda.com:443
19:52:02 BIOCONDA INFO (ERR) DEBUG:urllib3.connectionpool:https://repo.anaconda.com:443 "GET /pkgs/main/linux-64/repodata.json HTTP/1.1" 304 0
.19:52:08 BIOCONDA INFO (ERR) DEBUG:urllib3.connectionpool:https://repo.anaconda.com:443 "GET /pkgs/main/noarch/repodata.json HTTP/1.1" 304 0
19:52:08 BIOCONDA INFO (ERR) DEBUG:urllib3.connectionpool:https://repo.anaconda.com:443 "GET /pkgs/r/linux-64/repodata.json HTTP/1.1" 304 0
19:52:10 BIOCONDA INFO (ERR) DEBUG:urllib3.connectionpool:https://repo.anaconda.com:443 "GET /pkgs/r/noarch/repodata.json HTTP/1.1" 304 0
.19:53:18 BIOCONDA INFO (ERR) DEBUG:urllib3.connectionpool:https://repo.anaconda.com:443 "GET /pkgs/r/channeldata.json HTTP/1.1" 200 None
19:53:18 BIOCONDA INFO (ERR) DEBUG:urllib3.connectionpool:Starting new HTTPS connection (1): conda.anaconda.org:443
19:53:19 BIOCONDA INFO (ERR) DEBUG:urllib3.connectionpool:https://conda.anaconda.org:443 "GET /conda-forge/channeldata.json HTTP/1.1" 200 None
19:53:21 BIOCONDA INFO (ERR) DEBUG:urllib3.connectionpool:https://repo.anaconda.com:443 "GET /pkgs/main/channeldata.json HTTP/1.1" 200 None
19:53:21 BIOCONDA INFO (ERR) DEBUG:urllib3.connectionpool:https://conda.anaconda.org:443 "GET /bioconda/channeldata.json HTTP/1.1" 200 None
19:53:22 BIOCONDA INFO (OUT) Reloading output folder: /root/micromamba/envs/biocondaPy37/conda-bld
19:53:22 BIOCONDA INFO (OUT) Reloading output folder: /root/micromamba/envs/biocondaPy37/conda-bld
19:53:23 BIOCONDA INFO (OUT) BUILD START: ['perl-convert-pheno-0.10-pl5321hec16e2b_0.tar.bz2']
19:53:23 BIOCONDA INFO (OUT) Reloading output folder: /root/micromamba/envs/biocondaPy37/conda-bld
19:53:24 BIOCONDA INFO (ERR) DEBUG:urllib3.connectionpool:https://conda.anaconda.org:443 "GET /conda-forge/linux-64/_libgcc_mutex-0.1-conda_forge.tar.bz2 HTTP/1.1" 200 2562
19:53:24 BIOCONDA INFO (ERR) DEBUG:urllib3.connectionpool:https://conda.anaconda.org:443 "GET /conda-forge/linux-64/libstdcxx-ng-13.1.0-hfd8a6a1_0.conda HTTP/1.1" 200 3847887
19:53:24 BIOCONDA INFO (ERR) DEBUG:urllib3.connectionpool:https://conda.anaconda.org:443 "GET /conda-forge/linux-64/libgomp-13.1.0-he5830b7_0.conda HTTP/1.1" 200 419184
19:53:24 BIOCONDA INFO (ERR) DEBUG:urllib3.connectionpool:https://conda.anaconda.org:443 "GET /conda-forge/linux-64/_openmp_mutex-4.5-2_gnu.tar.bz2 HTTP/1.1" 200 23621
19:53:24 BIOCONDA INFO (ERR) DEBUG:urllib3.connectionpool:https://conda.anaconda.org:443 "GET /conda-forge/linux-64/libnsl-2.0.0-h7f98852_0.tar.bz2 HTTP/1.1" 200 31236
19:53:24 BIOCONDA INFO (ERR) DEBUG:urllib3.connectionpool:https://conda.anaconda.org:443 "GET /conda-forge/linux-64/libzlib-1.2.13-hd590300_5.conda HTTP/1.1" 200 61588
19:53:24 BIOCONDA INFO (ERR) DEBUG:urllib3.connectionpool:https://conda.anaconda.org:443 "GET /conda-forge/linux-64/zlib-1.2.13-hd590300_5.conda HTTP/1.1" 200 92825
19:53:25 BIOCONDA INFO (ERR) DEBUG:urllib3.connectionpool:https://conda.anaconda.org:443 "GET /conda-forge/noarch/perl-common-sense-3.75-pl5321hd8ed1ab_0.tar.bz2 HTTP/1.1" 200 20291
19:53:25 BIOCONDA INFO (ERR) DEBUG:urllib3.connectionpool:https://conda.anaconda.org:443 "GET /conda-forge/linux-64/perl-sub-uplevel-0.2800-pl5321h166bdaf_0.tar.bz2 HTTP/1.1" 200 20378
19:53:25 BIOCONDA INFO (ERR) DEBUG:urllib3.connectionpool:https://conda.anaconda.org:443 "GET /bioconda/noarch/perl-types-serialiser-1.01-pl5321hdfd78af_0.tar.bz2 HTTP/1.1" 200 13136
19:53:25 BIOCONDA INFO (OUT) 
19:53:25 BIOCONDA INFO (OUT) ## Package Plan ##
19:53:25 BIOCONDA INFO (OUT) 
19:53:25 BIOCONDA INFO (OUT)   environment location: /root/micromamba/envs/biocondaPy37/conda-bld/perl-convert-pheno_1688925004885/_h_env_placehold_placehold_placehold_placehold_placehold_placehold_placehold_placehold_placehold_placehold_placehold_placehold_placehold_placehold_placehold_placehold_placehold_
19:53:25 BIOCONDA INFO (OUT) 
19:53:25 BIOCONDA INFO (OUT) 
19:53:25 BIOCONDA INFO (OUT) The following NEW packages will be INSTALLED:
19:53:25 BIOCONDA INFO (OUT) 
19:53:25 BIOCONDA INFO (OUT)     _libgcc_mutex:         0.1-conda_forge         conda-forge
19:53:25 BIOCONDA INFO (OUT)     _openmp_mutex:         4.5-2_gnu               conda-forge
19:53:25 BIOCONDA INFO (OUT)     libgcc-ng:             13.1.0-he5830b7_0       conda-forge
19:53:25 BIOCONDA INFO (OUT)     libgomp:               13.1.0-he5830b7_0       conda-forge
19:53:25 BIOCONDA INFO (OUT)     libnsl:                2.0.0-h7f98852_0        conda-forge
19:53:25 BIOCONDA INFO (OUT)     libstdcxx-ng:          13.1.0-hfd8a6a1_0       conda-forge
19:53:25 BIOCONDA INFO (OUT)     libzlib:               1.2.13-hd590300_5       conda-forge
19:53:25 BIOCONDA INFO (OUT)     perl:                  5.32.1-3_hd590300_perl5 conda-forge
19:53:25 BIOCONDA INFO (OUT)     perl-app-cpanminus:    1.7046-pl5321hd8ed1ab_0 conda-forge
19:53:25 BIOCONDA INFO (OUT)     perl-common-sense:     3.75-pl5321hd8ed1ab_0   conda-forge
19:53:25 BIOCONDA INFO (OUT)     perl-dbd-sqlite:       1.72-pl5321h031d066_1   bioconda
19:53:25 BIOCONDA INFO (OUT)     perl-dbi:              1.643-pl5321h166bdaf_0  conda-forge
19:53:25 BIOCONDA INFO (OUT)     perl-json-xs:          4.03-pl5321h4ac6f70_2   bioconda
19:53:25 BIOCONDA INFO (OUT)     perl-perlio-gzip:      0.20-pl5321he4a0461_5   bioconda
19:53:25 BIOCONDA INFO (OUT)     perl-sort-naturally:   1.03-pl5321hdfd78af_3   bioconda
19:53:25 BIOCONDA INFO (OUT)     perl-sub-uplevel:      0.2800-pl5321h166bdaf_0 conda-forge
19:53:25 BIOCONDA INFO (OUT)     perl-test-exception:   0.43-pl5321hd8ed1ab_0   conda-forge
19:53:25 BIOCONDA INFO (OUT)     perl-test-warn:        0.37-pl5321hd8ed1ab_0   conda-forge
19:53:25 BIOCONDA INFO (OUT)     perl-types-serialiser: 1.01-pl5321hdfd78af_0   bioconda
19:53:25 BIOCONDA INFO (OUT)     zlib:                  1.2.13-hd590300_5       conda-forge
19:53:25 BIOCONDA INFO (OUT) 
19:53:25 BIOCONDA INFO (OUT) Preparing transaction: ...working... done
19:53:28 BIOCONDA INFO (OUT) Verifying transaction: ...working... done
19:53:28 BIOCONDA INFO (OUT) Executing transaction: ...working... done
19:53:28 BIOCONDA INFO (OUT) Reloading output folder: /root/micromamba/envs/biocondaPy37/conda-bld
19:53:28 BIOCONDA INFO (OUT) Reloading output folder: /root/micromamba/envs/biocondaPy37/conda-bld
19:53:30 BIOCONDA INFO (ERR) DEBUG:urllib3.connectionpool:https://conda.anaconda.org:443 "GET /conda-forge/noarch/kernel-headers_linux-64-2.6.32-he073ed8_15.tar.bz2 HTTP/1.1" 200 723873
19:53:30 BIOCONDA INFO (ERR) DEBUG:urllib3.connectionpool:https://conda.anaconda.org:443 "GET /conda-forge/linux-64/ld_impl_linux-64-2.39-hcc3a1bd_1.conda HTTP/1.1" 200 691423
19:53:31 BIOCONDA INFO (ERR) DEBUG:urllib3.connectionpool:https://conda.anaconda.org:443 "GET /conda-forge/linux-64/libgcc-devel_linux-64-10.4.0-hd38fd1e_19.tar.bz2 HTTP/1.1" 200 3501927
19:53:31 BIOCONDA INFO (ERR) DEBUG:urllib3.connectionpool:https://conda.anaconda.org:443 "GET /conda-forge/noarch/sysroot_linux-64-2.12-he073ed8_15.tar.bz2 HTTP/1.1" 200 32940552
19:53:38 BIOCONDA INFO (ERR) DEBUG:urllib3.connectionpool:https://conda.anaconda.org:443 "GET /conda-forge/linux-64/binutils_impl_linux-64-2.39-he00db2b_1.conda HTTP/1.1" 200 4924095
19:53:39 BIOCONDA INFO (ERR) DEBUG:urllib3.connectionpool:https://conda.anaconda.org:443 "GET /conda-forge/linux-64/binutils_linux-64-2.39-h5fc0e48_13.conda HTTP/1.1" 200 27840
19:53:39 BIOCONDA INFO (ERR) DEBUG:urllib3.connectionpool:https://conda.anaconda.org:443 "GET /conda-forge/linux-64/libsanitizer-10.4.0-h5246dfb_19.tar.bz2 HTTP/1.1" 200 6256145
19:53:41 BIOCONDA INFO (ERR) DEBUG:urllib3.connectionpool:https://conda.anaconda.org:443 "GET /conda-forge/linux-64/gcc_impl_linux-64-10.4.0-h5231bdf_19.tar.bz2 HTTP/1.1" 200 48928366
19:53:49 BIOCONDA INFO (OUT) 
19:53:49 BIOCONDA INFO (OUT) ## Package Plan ##
19:53:49 BIOCONDA INFO (OUT) 
19:53:49 BIOCONDA INFO (OUT)   environment location: /root/micromamba/envs/biocondaPy37/conda-bld/perl-convert-pheno_1688925004885/_build_env
19:53:49 BIOCONDA INFO (OUT) 
19:53:49 BIOCONDA INFO (OUT) 
19:53:49 BIOCONDA INFO (OUT) The following NEW packages will be INSTALLED:
19:53:49 BIOCONDA INFO (OUT) 
19:53:49 BIOCONDA INFO (OUT)     _libgcc_mutex:           0.1-conda_forge    conda-forge
19:53:49 BIOCONDA INFO (OUT)     _openmp_mutex:           4.5-2_gnu          conda-forge
19:53:49 BIOCONDA INFO (OUT)     binutils_impl_linux-64:  2.39-he00db2b_1    conda-forge
19:53:49 BIOCONDA INFO (OUT)     binutils_linux-64:       2.39-h5fc0e48_13   conda-forge
19:53:49 BIOCONDA INFO (OUT)     gcc_impl_linux-64:       10.4.0-h5231bdf_19 conda-forge
19:53:49 BIOCONDA INFO (OUT)     gcc_linux-64:            10.4.0-h9215b83_13 conda-forge
19:53:49 BIOCONDA INFO (OUT)     kernel-headers_linux-64: 2.6.32-he073ed8_15 conda-forge
19:53:49 BIOCONDA INFO (OUT)     ld_impl_linux-64:        2.39-hcc3a1bd_1    conda-forge
19:53:49 BIOCONDA INFO (OUT)     libgcc-devel_linux-64:   10.4.0-hd38fd1e_19 conda-forge
19:53:49 BIOCONDA INFO (OUT)     libgcc-ng:               13.1.0-he5830b7_0  conda-forge
19:53:49 BIOCONDA INFO (OUT)     libgomp:                 13.1.0-he5830b7_0  conda-forge
19:53:49 BIOCONDA INFO (OUT)     libsanitizer:            10.4.0-h5246dfb_19 conda-forge
19:53:49 BIOCONDA INFO (OUT)     libstdcxx-ng:            13.1.0-hfd8a6a1_0  conda-forge
19:53:49 BIOCONDA INFO (OUT)     make:                    4.3-hd18ef5c_1     conda-forge
19:53:49 BIOCONDA INFO (OUT)     sysroot_linux-64:        2.12-he073ed8_15   conda-forge
19:53:49 BIOCONDA INFO (OUT) 
19:53:49 BIOCONDA INFO (OUT) Preparing transaction: ...working... done
19:53:53 BIOCONDA INFO (OUT) Verifying transaction: ...working... done
19:53:54 BIOCONDA INFO (OUT) Executing transaction: ...working... done
19:53:54 BIOCONDA INFO (OUT) Source cache directory is: /root/micromamba/envs/biocondaPy37/conda-bld/src_cache
19:53:54 BIOCONDA INFO (OUT) Downloading source to cache: Convert-Pheno-0.10_3560cdaed8.tar.gz
19:53:54 BIOCONDA INFO (OUT) Downloading https://cpan.metacpan.org/authors/id/M/MR/MRUEDA/Convert-Pheno-0.10.tar.gz
19:53:54 BIOCONDA INFO (ERR) INFO:conda_build.source:Source cache directory is: /root/micromamba/envs/biocondaPy37/conda-bld/src_cache
19:53:54 BIOCONDA INFO (ERR) INFO:conda_build.source:Downloading source to cache: Convert-Pheno-0.10_3560cdaed8.tar.gz
19:53:54 BIOCONDA INFO (ERR) INFO:conda_build.source:Downloading https://cpan.metacpan.org/authors/id/M/MR/MRUEDA/Convert-Pheno-0.10.tar.gz
19:53:54 BIOCONDA INFO (ERR) DEBUG:urllib3.connectionpool:Starting new HTTPS connection (1): cpan.metacpan.org:443
19:53:56 BIOCONDA INFO (ERR) DEBUG:urllib3.connectionpool:https://cpan.metacpan.org:443 "GET /authors/id/M/MR/MRUEDA/Convert-Pheno-0.10.tar.gz HTTP/1.1" 200 93939456
19:53:58 BIOCONDA INFO (OUT) Success
19:53:58 BIOCONDA INFO (ERR) INFO:conda_build.source:Success
19:54:01 BIOCONDA INFO (ERR) Can't write to cpanm home 'UNKNOWN/.cpanm': You should fix it with chown/chmod first.
19:54:02 BIOCONDA INFO (OUT) Extracting download
19:54:02 BIOCONDA INFO (OUT) source tree in: /root/micromamba/envs/biocondaPy37/conda-bld/perl-convert-pheno_1688925004885/work
19:54:02 BIOCONDA INFO (OUT) export PREFIX=/root/micromamba/envs/biocondaPy37/conda-bld/perl-convert-pheno_1688925004885/_h_env_placehold_placehold_placehold_placehold_placehold_placehold_placehold_placehold_placehold_placehold_placehold_placehold_placehold_placehold_placehold_placehold_placehold_
19:54:02 BIOCONDA INFO (OUT) export BUILD_PREFIX=/root/micromamba/envs/biocondaPy37/conda-bld/perl-convert-pheno_1688925004885/_build_env
19:54:02 BIOCONDA INFO (OUT) export SRC_DIR=/root/micromamba/envs/biocondaPy37/conda-bld/perl-convert-pheno_1688925004885/work
19:54:02 BIOCONDA INFO (OUT) INFO: activate-binutils_linux-64.sh made the following environmental changes:
19:54:02 BIOCONDA INFO (OUT) +ADDR2LINE=$BUILD_PREFIX/bin/x86_64-conda-linux-gnu-addr2line
19:54:02 BIOCONDA INFO (OUT) +AR=$BUILD_PREFIX/bin/x86_64-conda-linux-gnu-ar
19:54:02 BIOCONDA INFO (OUT) +AS=$BUILD_PREFIX/bin/x86_64-conda-linux-gnu-as
19:54:02 BIOCONDA INFO (OUT) +CXXFILT=$BUILD_PREFIX/bin/x86_64-conda-linux-gnu-c++filt
19:54:02 BIOCONDA INFO (OUT) +ELFEDIT=$BUILD_PREFIX/bin/x86_64-conda-linux-gnu-elfedit
19:54:02 BIOCONDA INFO (OUT) +GPROF=$BUILD_PREFIX/bin/x86_64-conda-linux-gnu-gprof
19:54:02 BIOCONDA INFO (ERR) Traceback (most recent call last):
19:54:02 BIOCONDA INFO (OUT) +LD_GOLD=$BUILD_PREFIX/bin/x86_64-conda-linux-gnu-ld.gold
19:54:02 BIOCONDA INFO (ERR)   File "/root/micromamba/envs/biocondaPy37/bin/conda-mambabuild", line 10, in <module>
19:54:02 BIOCONDA INFO (ERR)     sys.exit(main())
19:54:02 BIOCONDA INFO (ERR)   File "/root/micromamba/envs/biocondaPy37/lib/python3.7/site-packages/boa/cli/mambabuild.py", line 239, in main
19:54:02 BIOCONDA INFO (ERR)     call_conda_build(action, config)
19:54:02 BIOCONDA INFO (ERR)   File "/root/micromamba/envs/biocondaPy37/lib/python3.7/site-packages/boa/cli/mambabuild.py", line 218, in call_conda_build
19:54:02 BIOCONDA INFO (ERR)     **kwargs,
19:54:02 BIOCONDA INFO (OUT) +LD=$BUILD_PREFIX/bin/x86_64-conda-linux-gnu-ld
19:54:02 BIOCONDA INFO (OUT) +NM=$BUILD_PREFIX/bin/x86_64-conda-linux-gnu-nm
19:54:02 BIOCONDA INFO (OUT) +OBJCOPY=$BUILD_PREFIX/bin/x86_64-conda-linux-gnu-objcopy
19:54:02 BIOCONDA INFO (OUT) +OBJDUMP=$BUILD_PREFIX/bin/x86_64-conda-linux-gnu-objdump
19:54:02 BIOCONDA INFO (OUT) +RANLIB=$BUILD_PREFIX/bin/x86_64-conda-linux-gnu-ranlib
19:54:02 BIOCONDA INFO (OUT) +READELF=$BUILD_PREFIX/bin/x86_64-conda-linux-gnu-readelf
19:54:02 BIOCONDA INFO (OUT) +SIZE=$BUILD_PREFIX/bin/x86_64-conda-linux-gnu-size
19:54:02 BIOCONDA INFO (OUT) +STRINGS=$BUILD_PREFIX/bin/x86_64-conda-linux-gnu-strings
19:54:02 BIOCONDA INFO (OUT) +STRIP=$BUILD_PREFIX/bin/x86_64-conda-linux-gnu-strip
19:54:02 BIOCONDA INFO (ERR)   File "/root/micromamba/envs/biocondaPy37/lib/python3.7/site-packages/conda_build/api.py", line 195, in build
19:54:02 BIOCONDA INFO (OUT) INFO: activate-gcc_linux-64.sh made the following environmental changes:
19:54:02 BIOCONDA INFO (OUT) +build_alias=x86_64-conda-linux-gnu
19:54:02 BIOCONDA INFO (ERR)     variants=variants
19:54:02 BIOCONDA INFO (OUT) -BUILD=x86_64-conda_cos6-linux-gnu
19:54:02 BIOCONDA INFO (OUT) +BUILD=x86_64-conda-linux-gnu
19:54:02 BIOCONDA INFO (ERR)   File "/root/micromamba/envs/biocondaPy37/lib/python3.7/site-packages/conda_build/build.py", line 3093, in build_tree
19:54:02 BIOCONDA INFO (ERR)     notest=notest,
19:54:02 BIOCONDA INFO (OUT) +CC_FOR_BUILD=$BUILD_PREFIX/bin/x86_64-conda-linux-gnu-cc
19:54:02 BIOCONDA INFO (OUT) +CC=$BUILD_PREFIX/bin/x86_64-conda-linux-gnu-cc
19:54:02 BIOCONDA INFO (OUT) +CFLAGS=-march=nocona -mtune=haswell -ftree-vectorize -fPIC -fstack-protector-strong -fno-plt -O2 -ffunction-sections -pipe -isystem $PREFIX/include -fdebug-prefix-map=$SRC_DIR=/usr/local/src/conda/perl-convert-pheno-0.10 -fdebug-prefix-map=$PREFIX=/usr/local/src/conda-prefix
19:54:02 BIOCONDA INFO (ERR)   File "/root/micromamba/envs/biocondaPy37/lib/python3.7/site-packages/conda_build/build.py", line 2212, in build
19:54:02 BIOCONDA INFO (ERR)     cwd=src_dir, stats=build_stats)
19:54:02 BIOCONDA INFO (ERR)   File "/root/micromamba/envs/biocondaPy37/lib/python3.7/site-packages/conda_build/utils.py", line 410, in check_call_env
19:54:02 BIOCONDA INFO (ERR)     return _func_defaulting_env_to_os_environ('call', *popenargs, **kwargs)
19:54:02 BIOCONDA INFO (ERR)   File "/root/micromamba/envs/biocondaPy37/lib/python3.7/site-packages/conda_build/utils.py", line 390, in _func_defaulting_env_to_os_environ
19:54:02 BIOCONDA INFO (ERR)     raise subprocess.CalledProcessError(proc.returncode, _args)
19:54:02 BIOCONDA INFO (ERR) subprocess.CalledProcessError: Command '['/bin/bash', '-o', 'errexit', '/root/micromamba/envs/biocondaPy37/conda-bld/perl-convert-pheno_1688925004885/work/conda_build.sh']' returned non-zero exit status 1.
19:54:02 BIOCONDA INFO (OUT) +CMAKE_ARGS=-DCMAKE_AR=$BUILD_PREFIX/bin/x86_64-conda-linux-gnu-ar -DCMAKE_CXX_COMPILER_AR=$BUILD_PREFIX/bin/x86_64-conda-linux-gnu-gcc-ar -DCMAKE_C_COMPILER_AR=$BUILD_PREFIX/bin/x86_64-conda-linux-gnu-gcc-ar -DCMAKE_RANLIB=$BUILD_PREFIX/bin/x86_64-conda-linux-gnu-ranlib -DCMAKE_CXX_COMPILER_RANLIB=$BUILD_PREFIX/bin/x86_64-conda-linux-gnu-gcc-ranlib -DCMAKE_C_COMPILER_RANLIB=$BUILD_PREFIX/bin/x86_64-conda-linux-gnu-gcc-ranlib -DCMAKE_LINKER=$BUILD_PREFIX/bin/x86_64-conda-linux-gnu-ld -DCMAKE_STRIP=$BUILD_PREFIX/bin/x86_64-conda-linux-gnu-strip -DCMAKE_FIND_ROOT_PATH_MODE_PROGRAM=NEVER -DCMAKE_FIND_ROOT_PATH_MODE_LIBRARY=ONLY -DCMAKE_FIND_ROOT_PATH_MODE_INCLUDE=ONLY -DCMAKE_FIND_ROOT_PATH=$PREFIX;$BUILD_PREFIX/x86_64-conda-linux-gnu/sysroot -DCMAKE_INSTALL_PREFIX=$PREFIX -DCMAKE_INSTALL_LIBDIR=lib -DCMAKE_PROGRAM_PATH=$BUILD_PREFIX/bin;$PREFIX/bin
19:54:02 BIOCONDA INFO (OUT) +CMAKE_PREFIX_PATH=$PREFIX:$BUILD_PREFIX/x86_64-conda-linux-gnu/sysroot/usr
19:54:02 BIOCONDA INFO (OUT) -CONDA_BUILD_SYSROOT=
19:54:02 BIOCONDA INFO (OUT) +CONDA_BUILD_SYSROOT=$BUILD_PREFIX/x86_64-conda-linux-gnu/sysroot
19:54:02 BIOCONDA INFO (OUT) +_CONDA_PYTHON_SYSCONFIGDATA_NAME=_sysconfigdata_x86_64_conda_cos6_linux_gnu
19:54:02 BIOCONDA INFO (OUT) +CONDA_TOOLCHAIN_BUILD=x86_64-conda-linux-gnu
19:54:02 BIOCONDA INFO (OUT) +CONDA_TOOLCHAIN_HOST=x86_64-conda-linux-gnu
19:54:02 BIOCONDA INFO (OUT) +CPPFLAGS=-DNDEBUG -D_FORTIFY_SOURCE=2 -O2 -isystem $PREFIX/include
19:54:02 BIOCONDA INFO (OUT) +CPP=$BUILD_PREFIX/bin/x86_64-conda-linux-gnu-cpp
19:54:02 BIOCONDA INFO (OUT) +DEBUG_CFLAGS=-march=nocona -mtune=haswell -ftree-vectorize -fPIC -fstack-protector-all -fno-plt -Og -g -Wall -Wextra -fvar-tracking-assignments -ffunction-sections -pipe -isystem $PREFIX/include -fdebug-prefix-map=$SRC_DIR=/usr/local/src/conda/perl-convert-pheno-0.10 -fdebug-prefix-map=$PREFIX=/usr/local/src/conda-prefix
19:54:02 BIOCONDA INFO (OUT) +DEBUG_CPPFLAGS=-D_DEBUG -D_FORTIFY_SOURCE=2 -Og -isystem $PREFIX/include
19:54:02 BIOCONDA INFO (OUT) +GCC_AR=$BUILD_PREFIX/bin/x86_64-conda-linux-gnu-gcc-ar
19:54:02 BIOCONDA INFO (OUT) +GCC_NM=$BUILD_PREFIX/bin/x86_64-conda-linux-gnu-gcc-nm
19:54:02 BIOCONDA INFO (OUT) +GCC_RANLIB=$BUILD_PREFIX/bin/x86_64-conda-linux-gnu-gcc-ranlib
19:54:02 BIOCONDA INFO (OUT) +GCC=$BUILD_PREFIX/bin/x86_64-conda-linux-gnu-gcc
19:54:02 BIOCONDA INFO (OUT) +host_alias=x86_64-conda-linux-gnu
19:54:02 BIOCONDA INFO (OUT) +HOST=x86_64-conda-linux-gnu
19:54:02 BIOCONDA INFO (OUT) +LDFLAGS=-Wl,-O2 -Wl,--sort-common -Wl,--as-needed -Wl,-z,relro -Wl,-z,now -Wl,--disable-new-dtags -Wl,--gc-sections -Wl,--allow-shlib-undefined -Wl,-rpath,$PREFIX/lib -Wl,-rpath-link,$PREFIX/lib -L$PREFIX/lib
19:54:02 BIOCONDA INFO (OUT) +MESON_ARGS=--buildtype release --prefix=$PREFIX -Dlibdir=lib
.19:54:17 BIOCONDA ERROR COMMAND FAILED (exited with 1): /root/micromamba/envs/biocondaPy37/bin/conda mambabuild --override-channels --no-anaconda-upload -c conda-forge -c bioconda -c defaults -e /root/micromamba/envs/biocondaPy37/conda_build_config.yaml -e /root/micromamba/envs/biocondaPy37/lib/python3.7/site-packages/bioconda_utils/bioconda_utils-conda_build_config.yaml recipes/perl-convert-pheno/meta.yaml

19:54:17 BIOCONDA ERROR BUILD FAILED recipes/perl-convert-pheno
19:54:17 BIOCONDA INFO (COMMAND) conda build purge
19:54:18 BIOCONDA ERROR BUILD SUMMARY: of 1 recipes, 1 failed and 0 were skipped. Details of recipes and environments follow.
19:54:18 BIOCONDA ERROR BUILD SUMMARY: FAILED recipe recipes/perl-convert-pheno
