SPARSE
11
BrokenOrigBondType NeighbourOrigBondTypes HydrogenRemoval IonRootPairs NLRootPairs IonFunctionalGroupFeatures NLFunctionalGroupFeatures IonicFeatures RingFeatures ExtraRingFeatures RadicalFeatures 
1
19909
529
0 0.017527059 1 3.9063622e-005 5 -1.1188574e-005 9 -5.3688162e-005 13 6.0921845e-007 14 1.5870109e-005 26 1.0016823e-005 37 5.0188667e-005 55 -2.140522e-005 57 4.911303e-005 175 2.2213095e-006 338 1.1879232e-005 427 -3.2149644e-005 500 3.400471e-005 662 3.580549e-005 751 -2.5664603e-005 972 3.7150986e-005 973 1.8762491e-006 976 -3.0594287e-005 980 3.1450549e-005
985 -4.6106848e-005 989 -2.9424445e-005 991 -0.03085814 992 -4.6429532e-006 996 -2.2975329e-005 1000 -9.1761899e-005 1004 -0.00010987383 1005 -0.0001337167 1017 -9.1717469e-005 1028 -0.00010805608 1046 -8.7851787e-005 1048 -5.6794214e-005 1166 -0.0001141386 1329 -0.00011223058 1418 -5.345446e-005 1491 -2.6569972e-005 1653 -6.8137087e-005 1742 -6.7839442e-005 1963 -0.00012181628 1964 -5.6007441e-005
1967 -7.0678861e-006 1971 -9.2913748e-006 1976 -2.9702808e-005 1980 -0.00012934954 1982 0.014955271 1983 1.0691869e-005 1987 1.027195e-005 1991 -1.995319e-006 1995 3.9737953e-007 1996 1.0483015e-005 2008 -2.2424617e-005 2019 1.9627633e-005 2037 5.5665326e-005 2039 -1.0429373e-005 2157 4.3740324e-005 2320 -1.334062e-005 2409 4.5446899e-005 2482 -4.857348e-006 2644 -4.2238371e-005 2733 3.6670578e-005
2954 -9.1635022e-006 2955 -4.2249966e-005 2958 3.572417e-005 2962 -4.136057e-005 2967 -2.9499991e-005 2971 -6.64877e-005 2973 -0.076392191 2974 -4.6514126e-005 2978 -2.9281292e-005 2982 6.3523623e-007 2986 -4.7133816e-005 2987 3.1488859e-005 2999 -7.4621007e-006 3010 -2.1995171e-007 3028 1.865836e-007 3030 2.740832e-005 3148 -3.0232905e-005 3311 -3.1795048e-005 3400 -4.1513784e-005 3473 -3.8695807e-005
3635 -4.3509223e-005 3724 -9.1253088e-006 3945 -2.7990412e-005 3946 4.9092085e-005 3949 -2.9817056e-005 3953 -4.2888129e-005 3958 -2.1812651e-005 3962 1.6509768e-005 3964 0.027905965 3965 0.00013639185 3969 1.5227194e-005 3973 9.9117055e-005 3977 -6.4666364e-005 3978 6.1959236e-005 3990 3.8196414e-005 4001 6.159901e-005 4019 5.4972528e-005 4021 8.7193835e-005 4139 4.4973304e-005 4302 0.00010296645
4391 5.5687858e-005 4464 9.6403259e-005 4626 7.3361742e-005 4715 4.9018245e-005 4936 0.00011736021 4937 9.149258e-005 4940 0.00012691636 4944 2.6927791e-005 4949 5.3969108e-005 4953 2.8409263e-005 4955 0.013319965 4956 -3.6370928e-005 4960 -2.0857084e-005 4964 -2.5907228e-005 4968 -4.4488777e-006 4969 -6.3261838e-005 4981 8.7449871e-006 4992 -3.9050517e-005 5010 -5.059862e-005 5012 -1.0129961e-005
5130 -4.4401105e-006 5293 6.7077394e-006 5382 -8.5242068e-005 5455 -6.9681448e-005 5617 1.6977596e-005 5706 -7.9715654e-005 5927 -4.5120451e-005 5928 -4.8544016e-006 5931 -9.5629751e-005 5935 -5.9604446e-006 5940 -1.7103759e-008 5944 -6.8879472e-005 5946 0.075490073 5947 1.2887521e-005 5951 0.00012345713 5955 6.7703168e-005 5959 8.2271275e-005 5960 9.7076317e-005 5972 0.00011150049 5983 6.3202979e-005
6001 0.00010670685 6003 0.00013224135 6121 0.00015498584 6284 0.00019754 6373 0.00013037924 6446 0.00010125314 6608 8.0356443e-005 6697 2.3510856e-005 6918 0.00018531651 6919 7.1089712e-005 6922 0.00010677195 6926 0.00010365907 6931 1.6182351e-005 6935 8.6859672e-005 6937 -0.045345478 6938 -2.6442853e-005 6942 -2.0105738e-005 6946 -0.00010156256 6950 -5.3249022e-005 6951 -7.8564927e-005
6963 -7.1837449e-005 6974 1.6407764e-005 6992 -3.0285849e-006 6994 -6.4466409e-005 7112 -5.7751553e-005 7275 -9.9161653e-005 7364 -4.7094011e-005 7437 -8.7974576e-005 7599 -5.5174587e-005 7688 -6.9570931e-005 7909 -4.472609e-005 7910 -2.8096216e-005 7913 -2.8081013e-005 7917 -8.180582e-005 7922 -8.3613895e-005 7926 -0.00013542162 7928 0.072120673 7929 1.4728486e-005 7933 6.0462981e-006 7937 -2.2686937e-005
7941 -7.4432589e-005 7942 4.2988766e-005 7954 -2.115747e-006 7965 4.5612511e-006 7983 -9.5819889e-005 7985 -3.7411373e-005 8103 -5.2438806e-005 8266 -2.3541056e-005 8355 -3.8071187e-006 8428 4.309792e-005 8590 1.0921118e-005 8679 8.072619e-005 8900 -2.438818e-006 8901 8.0882024e-005 8904 -2.3752733e-006 8908 6.1588984e-005 8913 -9.4261546e-005 8917 -3.4783926e-005 8919 -0.0029883091 8920 4.0733162e-005
8924 6.0171296e-005 8928 -5.0521093e-005 8932 3.2727917e-006 8933 1.9310026e-005 8945 -4.8766735e-005 8956 1.1383112e-005 8974 5.6374262e-005 8976 -5.3075254e-005 9094 6.6988548e-006 9257 5.1415682e-005 9346 3.2422908e-005 9419 5.6426811e-005 9581 -4.7371828e-005 9670 1.7738108e-005 9891 2.7493225e-005 9892 5.6096138e-005 9895 -5.0217026e-005 9899 -1.1919809e-005 9904 -5.3325447e-005 9908 1.6999118e-005
9910 0.032492323 9911 -7.6600206e-005 9915 2.7301031e-005 9919 -8.0978768e-005 9923 -4.072632e-005 9924 -6.8153386e-006 9936 -7.5511636e-005 9947 -7.3791388e-005 9965 2.3762453e-005 9967 -7.7124721e-005 10085 -3.3778464e-005 10248 3.4621201e-006 10337 8.1675542e-006 10410 -4.0952172e-005 10572 3.5636191e-005 10661 4.3461836e-006 10882 -2.852571e-005 10883 -3.9409032e-005 10886 -3.6524198e-005 10890 1.9994223e-005
10895 5.4039907e-005 10899 3.4944439e-005 10901 -0.031930697 10902 -3.2740679e-005 10906 -1.4637866e-006 10910 -1.6488308e-005 10914 -1.2721861e-005 10915 -8.6661694e-005 10927 -4.0724799e-005 10938 -1.3343772e-006 10956 -8.7351262e-005 10958 -6.1254546e-005 11076 -9.1275908e-005 11239 -0.00012011285 11328 -0.00010480308 11401 9.4143851e-006 11563 -0.00015892317 11652 -0.00010345142 11873 -0.00013028008 11874 -2.1627037e-005
11877 -9.8521736e-005 11881 -4.4966721e-006 11886 -3.5758724e-005 11890 -4.9584546e-005 11892 0.047598032 11893 -5.5285051e-005 11897 3.6115783e-005 11901 -2.1617252e-005 11905 -4.0174583e-005 11906 5.7103994e-005 11918 6.5363209e-005 11929 -4.1510824e-005 11947 5.9091832e-005 11949 -3.1594445e-005 12067 6.5249184e-005 12230 -5.1802943e-006 12319 -3.1352846e-005 12392 -5.0488397e-005 12554 4.9323684e-005 12643 -3.5060807e-005
12864 4.1824636e-005 12865 6.4224613e-005 12868 -4.6351201e-006 12872 4.0347766e-005 12877 -4.1710121e-005 12881 4.7054585e-005 12883 -0.058056611 12884 6.4375008e-005 12888 6.3588285e-005 12892 5.8117373e-006 12896 1.7529763e-005 12897 -5.5847569e-006 12909 1.837951e-005 12920 4.577752e-005 12938 -1.7236478e-005 12940 -1.4625354e-005 13058 -2.7477568e-005 13221 1.4042757e-005 13310 5.9987254e-005 13383 1.5747121e-005
13545 3.9808619e-005 13634 5.7845173e-005 13855 4.8904018e-005 13856 6.4692818e-006 13859 2.8001014e-005 13863 6.1782838e-005 13868 1.4679136e-005 13872 -5.5733544e-006 13874 0.021546897 13875 6.3375175e-005 13879 -5.6796033e-005 13883 5.515777e-005 13887 -5.8878891e-005 13888 -2.4087897e-005 13900 6.5497791e-005 13911 2.2793657e-005 13929 -5.9597249e-005 13931 9.1030053e-005 14049 4.6238958e-005 14212 -1.236232e-005
14301 4.5478791e-005 14374 0.00010890918 14536 -2.1583147e-005 14625 9.1520361e-005 14846 -2.5599661e-006 14847 0.00011031549 14850 5.4108739e-005 14854 9.4374788e-005 14859 -9.5250445e-006 14863 1.3297119e-005 14865 -0.064229059 14866 2.1915761e-006 14870 -1.6065778e-005 14874 -3.9100699e-005 14878 2.71795e-006 14879 -5.4925124e-005 14891 -2.8383891e-005 14902 -5.7504343e-005 14920 -1.8068818e-005 14922 -5.589659e-005
15040 -3.511517e-005 15203 1.5945251e-005 15292 -1.8198529e-006 15365 2.859978e-005 15527 -8.8022797e-005 15616 -4.9632813e-005 15837 9.3127937e-006 15838 -2.0408191e-005 15841 -1.7287705e-005 15845 -8.2987294e-006 15850 -2.6080979e-005 15854 -5.2431776e-005 15856 -0.079916213 15857 2.0074112e-005 15861 -7.512351e-006 15865 3.3517666e-005 15869 -6.1841491e-005 15870 5.4859356e-005 15882 5.8344722e-005 15893 5.6273267e-005
15911 -1.3198401e-005 15913 3.5152025e-005 16031 2.7177873e-005 16194 -4.5748754e-005 16283 2.9184714e-005 16356 1.9891672e-005 16518 3.3798928e-005 16607 -4.9956279e-005 16828 1.8082474e-005 16829 5.2622565e-006 16832 -4.2377413e-005 16836 5.5459888e-005 16841 4.6341684e-005 16845 9.6256154e-006 16847 -0.071068562 16848 -9.0484887e-005 16852 -9.9593363e-006 16856 -9.751344e-006 16860 -8.7545787e-005 16861 -4.1042868e-005
16873 -8.5343241e-006 16884 -1.5064912e-005 16902 -5.5367916e-005 16904 -7.3302119e-006 17022 -7.4965323e-005 17185 -1.9940631e-005 17274 -0.0001108034 17347 -7.0363264e-005 17509 -4.4110142e-005 17598 -7.6972917e-005 17819 -6.9066427e-005 17820 -5.191401e-005 17823 -3.3621398e-006 17827 2.0640135e-005 17832 3.8490983e-006 17836 -6.7314242e-005 17838 0.020787895 17839 -2.7120842e-005 17843 -4.786818e-005 17847 4.2388834e-005
17851 2.9079731e-005 17852 3.4891227e-005 17864 6.9516836e-005 17875 5.3574693e-005 17893 -5.1239521e-005 17895 3.213625e-006 18013 4.8064922e-005 18176 -6.7849325e-006 18265 5.037583e-005 18338 5.8363745e-005 18500 5.4815205e-005 18589 2.002852e-005 18810 7.0459443e-005 18811 1.1742699e-005 18814 -4.4255007e-005 18818 5.734132e-005 18823 2.7107097e-005 18827 5.5997265e-005 18829 0.0038183917 18830 -1.1837702e-005
18834 -5.3479653e-005 18838 6.1594436e-005 18842 6.0302152e-005 18843 7.6415794e-006 18855 -3.2597864e-005 18866 1.8053968e-007 18884 3.2510445e-005 18886 4.1446209e-005 19004 5.9730127e-006 19167 -2.8321924e-005 19256 5.3154682e-006 19329 -4.9773839e-005 19491 -5.7941834e-005 19580 5.6847193e-005 19801 3.9291135e-005 19802 1.5353474e-005 19805 -4.3924353e-005 19809 -6.0077903e-005 19814 -1.7516149e-005 19818 3.1936519e-005
19820 0.057868651 19821 9.0852116e-005 19822 4.0138377e-005 19823 7.0604401e-005 19824 -0.00039720777 19825 8.7077522e-005 19826 -1.7422624e-006 19827 5.7443918e-005 19828 6.1209103e-005 19829 0.00042555553 19830 -0.00013807028 19831 0.00018876344 19832 -4.4138148e-005 19833 0.00028149497 19834 -0.00036395327 19835 0.00013686229 19836 -0.00029921543 19837 -1.5146329e-006 19838 0.00014840447 19839 0.00020430746
19840 2.3320025e-005 19841 0.069574205 19842 3.2293797e-005 19843 7.881032e-006 19844 4.7569354e-005 19845 6.6001505e-006 19846 2.516343e-005 19847 -4.5102612e-005 19848 9.0478884e-006 19849 -1.6398704e-005 19850 -3.7231082e-005 19851 6.0210932e-005 19852 -3.1451912e-006 19853 5.5440884e-005 19854 4.018053e-005 19855 -5.0608122e-006 19856 4.1830093e-005 19857 -5.4384252e-005 19858 -4.2582658e-005 19859 -2.6035722e-007
19860 -3.2426826e-005 19861 -2.1039524e-005 19862 -0.051152184 19863 4.026985e-006 19864 -3.7835415e-005 19865 -2.6448112e-005 19866 -7.4439359e-006 19867 -4.0712647e-005 19868 -1.374002e-006 19869 -3.253325e-005 19870 2.1792089e-005 19871 -3.0083611e-006 19872 3.0572019e-005 19873 -1.0176737e-005 19874 5.7204472e-005 19875 -4.4243623e-005 19876 -3.7079049e-005 19877 8.6221949e-006 19878 -3.6622949e-005 19879 1.9251231e-006
19880 -4.5904588e-005 19881 4.8859738e-006 19882 -1.4779548e-005 19883 -0.043905728 19884 -3.1807949e-005 19885 -4.4701671e-005 19886 -5.0508519e-006 19887 0.00021706804 19888 -5.3968833e-005 19889 1.7157189e-005 19890 5.6848034e-005 19891 -6.8912051e-005 19892 -0.00010899695 19893 -5.5444727e-005 19894 -6.0413215e-005 19895 -0.00025448193 19896 -0.00013429378 19897 0.0001291665 19898 0.00014566579 19899 2.0384426e-005
19900 4.3757116e-005 19901 -0.00023518431 19902 -0.00012384092 19903 -2.8010256e-005 19904 -2.4313593 19905 0.00050286415 19906 -3.2449631e-005 19907 -5.7474331e-005 19908 -0.00016211128 
Neural Net Config
3
20 4 1 
3
1 1 0 
